<?xml version="1.0" encoding="UTF-8"?>
<!-- Generated by org.testng.reporters.JUnitXMLReporter -->
<testsuite ignored="0" hostname="BALAJI" failures="1" tests="2" name="homePageTittleTest" time="95.023" errors="0" timestamp="2022-03-12T16:25:03 IST">
  <testcase classname="Imp_prog.ParallelTesting_TestNG" name="homePageTittleTest" time="57.554">
    <failure type="java.lang.AssertionError" message="expected [OrangeHRM] but found [OrangeHRM HR Software | Free &amp;amp; Open Source HR Software | HRMS | HRIS]">
      <![CDATA[java.lang.AssertionError: expected [OrangeHRM] but found [OrangeHRM HR Software | Free & Open Source HR Software | HRMS | HRIS]
at Imp_prog.ParallelTesting_TestNG.homePageTittleTest(ParallelTesting_TestNG.java:30)
at java.base/java.util.ArrayList.forEach(ArrayList.java:1511)
... Removed 33 stack frames]]>
    </failure>
  </testcase> <!-- homePageTittleTest -->
  <testcase classname="Imp_prog.ParallelTesting_TestNG" name="logoTest" time="36.399"/>
</testsuite> <!-- homePageTittleTest -->
